<?xml version="1.0" encoding="UTF-8"?>
<!-- Generated by org.testng.reporters.JUnitReportReporter -->
<testsuite hostname="KrishnaRao-PC" name="com.cucumber.tests.RunCukesTest" tests="1" failures="0" timestamp="14 May 2017 14:46:47 GMT" time="59.893" errors="0">
  <testcase name="feature" time="59.893" classname="com.cucumber.tests.RunCukesTest"/>
</testsuite> <!-- com.cucumber.tests.RunCukesTest -->
